2015-11-09 08:24:39.948 [info] <0.7.0> Application lager started on node nonode@nohost
2015-11-09 08:24:39.948 [info] <0.7.0> Application jsone started on node nonode@nohost
2015-11-09 08:24:39.954 [info] <0.7.0> Application crypto started on node nonode@nohost
2015-11-09 08:24:39.959 [info] <0.7.0> Application asn1 started on node nonode@nohost
2015-11-09 08:24:39.959 [info] <0.7.0> Application public_key started on node nonode@nohost
2015-11-09 08:24:39.965 [info] <0.7.0> Application ssl started on node nonode@nohost
2015-11-09 08:24:39.965 [info] <0.7.0> Application erldyn started on node nonode@nohost
2015-11-09 08:38:37.872 [info] <0.7.0> Application lager started on node nonode@nohost
2015-11-09 08:38:37.872 [info] <0.7.0> Application jsone started on node nonode@nohost
2015-11-09 08:38:37.891 [info] <0.7.0> Application inets started on node nonode@nohost
2015-11-09 08:38:37.896 [info] <0.7.0> Application crypto started on node nonode@nohost
2015-11-09 08:38:37.901 [info] <0.7.0> Application asn1 started on node nonode@nohost
2015-11-09 08:38:37.901 [info] <0.7.0> Application public_key started on node nonode@nohost
2015-11-09 08:38:37.908 [info] <0.7.0> Application ssl started on node nonode@nohost
2015-11-09 08:38:37.908 [info] <0.7.0> Application erldyn started on node nonode@nohost
2015-11-09 08:40:51.047 [info] <0.7.0> Application lager started on node nonode@nohost
2015-11-09 08:40:51.047 [info] <0.7.0> Application jsone started on node nonode@nohost
2015-11-09 08:40:51.066 [info] <0.7.0> Application inets started on node nonode@nohost
2015-11-09 08:40:51.071 [info] <0.7.0> Application crypto started on node nonode@nohost
2015-11-09 08:40:51.076 [info] <0.7.0> Application asn1 started on node nonode@nohost
2015-11-09 08:40:51.076 [info] <0.7.0> Application public_key started on node nonode@nohost
2015-11-09 08:40:51.082 [info] <0.7.0> Application ssl started on node nonode@nohost
2015-11-09 08:40:51.082 [info] <0.7.0> Application erldyn started on node nonode@nohost
2015-11-09 09:00:08.121 [info] <0.7.0> Application lager started on node nonode@nohost
2015-11-09 09:00:08.121 [info] <0.7.0> Application jsone started on node nonode@nohost
2015-11-09 09:00:08.141 [info] <0.7.0> Application inets started on node nonode@nohost
2015-11-09 09:00:08.146 [info] <0.7.0> Application crypto started on node nonode@nohost
2015-11-09 09:00:08.152 [info] <0.7.0> Application asn1 started on node nonode@nohost
2015-11-09 09:00:08.152 [info] <0.7.0> Application public_key started on node nonode@nohost
2015-11-09 09:00:08.160 [info] <0.7.0> Application ssl started on node nonode@nohost
2015-11-09 09:00:08.160 [info] <0.7.0> Application erldyn started on node nonode@nohost
